v0.9
1、更新了套卡，支持新版本
2、更新了起手留牌策略
v1.0
增加了策略的支持
v1.1
1、更新了起手留牌，现在配合策略更强
2、支持炉石版本19.2
3、替换套卡，避免腐蚀后的随从卡死SB
v1.2
优化了策略的计算速度，优化了硬币的优先级
v1.3
1、如果牌库里有中立卡（炸弹或者鸽子），调低光铸卡的优先级
2、网易修复了腐蚀随从的显示问题
v1.4
更新了卡组信息，建议带2个自大狂
v1.5
提高了连环腿大师的威胁值，现在机器人优先解掉连环腿大师
v1.6
优先解掉大范、任务达人、姐夫、塞泰克织巢者；如果对面是猎人优先解掉神射手
注：有代码测试希拉斯·暗月，但是不影响全职骑的正常发挥
v1.7
如果对面是贼需要优先解掉魔杖窃贼
解决了女伯爵莉亚德琳在没有放过法术也会下的问题
v1.8
更新了套卡
v1.9
提高瞎子橙伊格诺斯的威胁值
新生入学给了安全检察员，手上有中立卡不拍
v1.10
提高终极鱼人的优先级（终极莫戈尔格）
修复了发牌员在你用新生入学的时候给了你2张安全检察员，会使用安全检察员的问题
v1.11
对面是萨满需要解掉野兔、死斗场管理者和大帐决斗者
如果对面是瞎子提高血法师威胁值
手牌小于3且手上没武器要保留1耐久
安全检察员漏掉了贼猫给的复生中立卡这种情况，已修复
v1.12
更新了起手留牌
v1.13
如果你牌库和手牌打光了光铸卡，安全检查员会正常使用
修复了过早使用正义圣契的问题
v1.14
增加了新卡审判圣契的支持
更新了套卡
V1.15
修复了牌库中的炸弹和坟场中的炸弹计算错乱的问题
v2.0
对面没随从,降低扫帚和巴罗夫优先级
提高了菲里克·飞刺、加基森拍卖师、死亡守望者的威胁值
对面是潜行者要优先解掉狐人老千
添加了对开赛集结的策略调整