v1.7
1、沿用了旧版鱼人骑1.6的版本（通灵学院版本还是巨龙降临版本）时候的模板，编写了起手留牌
2、沿用了通用模板StdRush-Pro改进了策略
3、沿用了针灸骑的策略，添加了对希拉斯·暗月的支持
v1.8
1、手上有高阶修士提高魔杖工匠优先级，降低硬币优先级
2、鱼人领军起手不用留
3、如果手上有高阶修士，4费之前不用硬币
4、如果手上没有4费龙，提高赤鳞驯龙者优先级，优先卖掉赤鳞驯龙者
5、如果牌库中有终极随从和鱼人为王，降低高阶修士优先级
6、如果牌库中有终极随从，降低鱼人为王的优先级
7、如果牌库里有融合怪或者巨龙，优先卖掉赤鳞驯龙者
8、坟场和场上没有已腐蚀的卡不拍亚煞极——没生效
9、对方场上随从大于3不下终极随从
10、如果手上有小丑提高10费卡优先级
11、提高终极随从的威胁值
12、起手要留赤鳞驯龙者
13、如果起手留了赤鳞驯龙者，要留融合怪
14、对面是贼需要解掉老千
15、如果手上有时光巨龙，提高硬币巨龙的优先级
16、起手有时光龙要留鱼人为王
17、对面随从大于3提高暗月兔子优先级
18、对面没有随从不下扫帚、巴罗夫领主
19、调低螃蟹骑士的优先级
20、场上没有鱼人降低鱼人领军的优先级
21、起手有时光龙留鱼人为王
v1.8.2
永恒巨龙3费就可以交硬币了，但是露娜必须4费先拍后交硬币
对面是德鲁伊，手上没有鱼人为王，不下永恒巨龙，否则提高永恒巨龙优先级
坟场和场上没有已腐蚀的卡不拍亚煞极——现在会正确使用了
v1.9
贼的飞刺需要解掉
现在如果对方德鲁伊的最大水晶大于8，永恒巨龙可以拍
v1.9.2
如果手上有高阶修士，牌库里有鱼人为王：
	如果手上没有硬币提高魔杖工匠优先级
	手上没有硬币且最大法力值小于5不用1费法术和高阶修士
	手上有硬币捏到4费先拍高阶修士后交硬币
鱼人领军需要优先保护（不拿去交换）
如果场上随从大于6或者可以打鱼人为王，不用圣骑士技能
使用亚煞极后，现在会正确的重置并且检测有无突袭和冲锋的随从被复活了
v1.9.4
修复了关于牌库计算数量的问题
现在希拉斯会正确将对面关键的终极随从转过来了
现在希拉斯不会将甩笔侏儒转给对面了
提高死亡守望者的威胁值
手上有鱼人提高下水道鱼人的优先级
如果手上可以打鱼人为王，不要卖掉赤鳞驯龙者以防止抽融合怪
v1.9.5
提高终极卡加斯（战士终极随从）的威胁值
如果手上有赤鳞驯龙者且牌库里有龙，优先考虑拍怪而不是卖怪
v1.9.6
如果牌库卡牌少于8且对面不是术士，不打鱼人为王（一般牌库里没鱼人了）
v2.0
如果如果牌库中有终极随从，且本局对战一张鱼人为王都没打过，可以拍鱼人为王或者高阶修士奥露拉
优先保护鱼人魔术师和下水道渔人
v2.0.1
修复了终极莫戈尔格计算器的错误
v2.0.2
提高了加基森拍卖师的威胁值
v2.0.4
更新了起手留牌和套牌名字
现在SB会正确的识别融合怪的野兽、龙、鱼人属性，会正确的拍下鱼人领军等卡牌，再也不会错斩了。
修复了小丑被腐蚀后，机器人会不停的拍扫帚等1费卡的问题
套卡现在更名为标准科技骑
v2.1
如果对方是法师，而我手上没有鱼人为王，只要对面水晶小于8，不拍时光龙
如果手上有废料场巨像和恩佐斯，坟场里没有废料场巨像，提高废料场巨像优先级，降低恩佐斯优先级
如果对面是猎人或者瞎子，除非手上有鱼人为王、废料场巨像或者小丑，否则不拍时光龙
如果对面是猎人或者瞎子，对方最大水晶有8个的情况下会拍时光龙
如果手上有硬币和高阶修士，不硬币跳时光龙（除非手上有鱼人为王）
v2.2
重构了奥露拉和时光龙启动判定和执行代码。现在启动判定和执行策略分开了
修复了智慧祝福总是给对手随从添加的问题
调高了废料场巨像的优先级
重构了赤鳞驯龙者的判定，现在和时光龙执行代码一起使用
提高萨索瓦尔对特定随从的优先级
更新了套卡
现在标准科技骑支持杰弗里斯
v2.2.1
如果血量太低嘲讽怪优先
减少不必要的日志输出（比如8费要腐蚀9费的小丑对于圣骑士来说是不可能的）
v2.2.6
更新计算代码，血量低于一个阙值优先嘲讽
v2.3
作者修复了领军和暗月兔子的问题，删除代码（用作者默认的更棒）
现在血量低于一个阙值会考虑坟场的恩佐斯了
v2.3.1
现在血量低于一个阙值会考虑本回合有无使用亚煞极了
v2.3.6
修正了一个正负号的错误问题
2.3.8
如果奥露拉胡了，优先胡场而不是下嘲讽
2.3.9
修改了判定，修正了下嘲讽的时候会考虑亚煞极和恩佐斯的问题
2.3.10
修正了语法错误
2.3.12
更新了起手留牌，加载了EE起手留牌策略和插件，更新了杰弗里斯的支持
2.4
打包整合并检查语法问题
加载了杰弗里斯的完整插件和发现指南
2.4.1
对面是法师优先解掉游戏管理员
更新了起手留牌，现在可以把护甲商贩加入套卡了
删除杰弗里斯隐写代码（现在由插件和发现策略替代）
2.5
优先解掉决斗大师
day 2021/02/21
the Alura change to 5 ManaCost. the Ramp Paladin is Abandon. The last version is 2.5