v0.9
1、更新了套卡，支持新版本
2、更新了起手留牌策略
v1.0
增加了策略的支持
v1.1
1、如果牌库里有中立卡（炸弹或者鸽子），调低光铸卡的优先级
2、网易修复了腐蚀随从的显示问题
3、提高了连环腿大师的威胁值，现在机器人优先解掉连环腿大师
v1.2
1、精简代码，删除大部分狂野代码以提高计算速度
2、优先解掉大范、任务达人、姐夫、塞泰克织巢者；如果对面是猎人优先解掉神射手
3、添加希拉斯·暗月的代码测试
v1.3
希拉斯暗月代码已经RS隐写+八进制混淆加密，请不要删除解密证书###.pfx
v1.4
1、如果对面是贼需要优先解掉魔杖窃贼
2、解决了女伯爵莉亚德琳在没有放过法术也会下的问题
3、再次精简代码，现在不会进行日志输出，这样SB操作的时间更充足
v1.5
提高瞎子橙伊格诺斯的威胁值
现在希拉斯如果希望向左转的时候会正确的选择站在第一位还是第二位了
v1.6
如果对面是进化萨，要考虑希拉斯转过去后要杀死他免得变成8费怪
v1.7
修复了侏儒不回手的问题
对面是萨满需要解掉野兔、死斗场管理者和大帐决斗者
如果对面是瞎子提高血法师威胁值
手牌小于3且手上没武器要保留1耐久
如果对面是进化萨，要考虑希拉斯转过去后要卖掉它
猫头鹰会优先沉默血骨傀儡和带有智慧圣契的随从
v1.7.1
提高终极鱼人的优先级（终极莫戈尔格），添加了对应的套卡
v1.8
更新了起手留牌
v1.8.1
现在猫头鹰会优先沉默大范和任务达人
v1.8.2
现在对面如果是圣骑士，猫头鹰还会优先沉默亡语过牌
v1.8.3
对面是萨满需要优先解掉大眼图腾
v1.9
如果双方血量健康，且武器耐久为1，手上没刀就留着耐久别打
如果手上有刀，先攻击在装纳鲁之锤
对面是萨满要优先解掉野兔、死斗场决斗者、大眼睛
对面是瞎子优先解掉血法师
提高伊格诺斯和纳兹曼尼织血者的威胁值
提高加基森拍卖师和连环腿大师的威胁值
对面是萨满，希拉斯转过去后优先解掉希拉斯
如果手牌少于3优先打圣疗术
v2.0
提高终极卡加斯（战士终极随从）的威胁值
提高了加基森拍卖师的威胁值
对面没随从,降低扫帚和巴罗夫优先级
现在希拉斯不会和休眠的随从交互了
提高终极随从的威胁值
铁锈特使拉斯维克斯需要被优先沉默
提高飞刺和死亡守望者的威胁值
如果对面是贼，需要提高狐人老千的威胁值
套卡更名，这样不用和全职骑的起手留牌打架了
v2.1
更新了套牌和起手留牌